2025_11-xx_Sicoob.sql.:-------------------------------------------------------------------------------------
2025_11-xx_Sicoob.sql.:06/11/2025 - 09:17
2025_11-xx_Sicoob.sql.:-------------------------------------------------------------------------------------
2025_11-xx_Sicoob.sql.:- informando equipe garantias do problema.
2025_11-xx_Sicoob.sql.:- 10:01 - Informes feitos:
2025_11-xx_Sicoob.sql.:    Bruno e equipe Garantias
2025_11-xx_Sicoob.sql.:- 10:02 - fazendo varredura de todos os projetos da gesin2
2025_11-xx_Sicoob.sql.:    dependency:tree
2025_11-xx_Sicoob.sql.:- 10:45 - fim da varredura. Em tese, tudo certo. 
2025_11-xx_Sicoob.sql.:    Fora o garantias, ningu칠m est치 embarcando o itext
2025_11-xx_Sicoob.sql.:- 10:46 - marquei uma Meet as 11:30 com o Bruno Marques. T치 meio confuso ainda como ser치
2025_11-xx_Sicoob.sql.:    feita esta atualiza칞칚o dos clusters.
2025_11-xx_Sicoob.sql.:    Se remover o itext, grande risco de problema. Muito projeto usa a lib como provided    
2025_11-xx_Sicoob.sql.:
2025_11-xx_Sicoob.sql.:游릳TODO - Anderson Marcio > Entrevista > Rafael Francisco
2025_11-xx_Sicoob.sql.:https://www.youtube.com/watch?v=aARvL-WBqn8&t=599s - the sound of peinha
2025_11-xx_Sicoob.sql.:https://www.youtube.com/watch?v=CAQM2FBBRKI - os elementos euclides
######################################################################################################################
Acronimos:
  YYYY: Ano
  MM: Mes
  PI: Projeto Index
  PN: Projeto Nome
Dicas:
  formato: YYYY_MM-PI_PN.xxx
  formato tomadas: 071 - lab start features-review ----> 15:35 - 15:45
  virada de m칡s, n칚o esquecer sessao rascunho
Comandos:
  Fix do dia: /Fixes/2025_11_06/fix.txt
  DOING..:游릱游릱游릱游릱游릱游릱游릱游릱游릱游릱游릱游릱游릱游릱游릱游릱游릱游릱游릱游릱游릱游릱游릱游릱游릱游릱游릱游릱游릱游릱游릱游릱游릱游릱游릱游릱游릱游릱游릱游릱
  DONE...:游릴游릴游릴游릴游릴游릴游릴游릴游릴游릴游릴游릴游릴游릴游릴游릴游릴游릴游릴游릴游릴游릴游릴游릴游릴游릴游릴游릴游릴游릴游릴游릴游릴游릴游릴游릴游릴游릴游릴游릴
  TODO...:游릳游릳游릳游릳游릳游릳游릳游릳游릳游릳游릳游릳游릳游릳游릳游릳游릳游릳游릳游릳游릳游릳游릳游릳游릳游릳游릳游릳游릳游릳游릳游릳游릳游릳游릳游릳游릳游릳游릳游릳
  Buxido.:游린游린游린游린游린游린游린游린游린游린游린游린游린游린游린游린游린游린游린游린游린游린游린游린游린游린游린游린游린游린游린游린游린游린游린游린游린游린游린游린
Images da hora:
  mv /wks/paimon/log/image.png '/wks/paimon/log/2025_11-xx_Buxido:d06:h10:m47.png'
  mv /wks/paimon/log/image.png '/wks/paimon/log/2025_11-xx_Sicoob:d06:h10:m47.png'
Candidatos a fix da Semana:
  丘뉦잺2025_11-xx_Sicoob.sql -> 03/11/2025 - 11:40 - gesin2 - migracao-cta
    游닆/wks/paimon/fix/xx_Sicoob/gesin2/2025_11_03-11_40-migracao-cta.sql
    mkdir -p /wks/paimon/fix/xx_Sicoob/gesin2/
    touch /wks/paimon/fix/xx_Sicoob/gesin2/2025_11_03-11_40-migracao-cta.sql
    ln -sf /wks/paimon/fix/xx_Sicoob/gesin2/2025_11_03-11_40-migracao-cta.sql /wks/paimon/log/fix-2025_11_03-11_40-migracao-cta.sql

    游늭/wks/paimon/fix/xx_Sicoob/gesin2/2025_11_03-11_40-migracao-cta/
    mkdir -p /wks/paimon/fix/xx_Sicoob/gesin2/2025_11_03-11_40-migracao-cta/
    touch /wks/paimon/fix/xx_Sicoob/gesin2/2025_11_03-11_40-migracao-cta/log.sql
    ln -sf /wks/paimon/fix/xx_Sicoob/gesin2/2025_11_03-11_40-migracao-cta /wks/paimon/log/fix-2025_11_03-11_40-migracao-cta

